
SQL*Loader: Release 12.1.0.2.0 - Production on Ven. Févr. 16 13:08:02 2018

Copyright (c) 1982, 2014, Oracle and/or its affiliates.  All rights reserved.

Fichier de contrôle :   abn_d.ctl
Fichier de données :      abn_d.csv
  Fichier des enregistrements refusés :     abn_d.bad
  Fichier de rebut :  aucune spécification

 (Allouer tous les rebuts)

Nombre à charger : ALL
Nombre à ignorer : 0
Erreurs autorisés : 2000
Continuation :    aucune spécification
Chemin utilisé:      Direct

Table ABONNEES_GR, chargé à partir de chaque enregistrement physique.
Option d'insertion en vigueur pour cette table : REPLACE

   Nom de colonne                  Position   Long  Type de données encadr.
------------------------------ ---------- ----- ---- ---- ---------------------
POSIT                               FIRST     *   ;  O(") CHARACTER            
CATEG                                NEXT     *   ;  O(") CHARACTER            
DIST                                 NEXT     *   ;  O(") CHARACTER            
POL                                  NEXT     *   ;  O(") CHARACTER            
TOU                                  NEXT     *   ;  O(") CHARACTER            
ORD                                  NEXT     *   ;  O(") CHARACTER            
TIER                                 NEXT     *   ;  O(") CHARACTER            
ADM                                  NEXT     *   ;  O(") CHARACTER            
NOM                                  NEXT     *   ;  O(") CHARACTER            
ADR                                  NEXT     *   ;  O(") CHARACTER            
CODONAS                              NEXT     *   ;  O(") CHARACTER            
USAG                                 NEXT     *   ;  O(") CHARACTER            
CODCTR                               NEXT     *   ;  O(") CHARACTER            
CODMARQ                              NEXT     *   ;  O(") CHARACTER            
NUMCTR                               NEXT     *   ;  O(") CHARACTER            
TARIF                                NEXT     *   ;  O(") CHARACTER            
NAPT                                 NEXT     *   ;  O(") CHARACTER            
DATINTEG                             NEXT     *   ;  O(") CHARACTER            
CODBRT                               NEXT     *   ;  O(") CHARACTER            
ECHT                                 NEXT     *   ;  O(") CHARACTER            
ECHR                                 NEXT     *   ;  O(") CHARACTER            
BRT                                  NEXT     *   ;  O(") CHARACTER            
FAC                                  NEXT     *   ;  O(") CHARACTER            
EXT                                  NEXT     *   ;  O(") CHARACTER            
PRF                                  NEXT     *   ;  O(") CHARACTER            
AINDEX                               NEXT     *   ;  O(") CHARACTER            
CODRLV                               NEXT     *   ;  O(") CHARACTER            
RELEVE                               NEXT     *   ;  O(") CHARACTER            
PRORATA                              NEXT     *   ;  O(") CHARACTER            
RELIQUA                              NEXT     *   ;  O(") CHARACTER            
CODCTRT                              NEXT     *   ;  O(") CHARACTER            
CODRESIL                             NEXT     *   ;  O(") CHARACTER            
FRAIPREAV                            NEXT     *   ;  O(") CHARACTER            
FRAIFERM                             NEXT     *   ;  O(") CHARACTER            
FRAIDEPO                             NEXT     *   ;  O(") CHARACTER            
CODDIV                               NEXT     *   ;  O(") CHARACTER            
DIVERS                               NEXT     *   ;  O(") CHARACTER            
CONSMOY                              NEXT     *   ;  O(") CHARACTER            
CODLOCALI                            NEXT     *   ;  O(") CHARACTER            
ECHTONAS                             NEXT     *   ;  O(") CHARACTER            
ECHRONAS                             NEXT     *   ;  O(") CHARACTER            
CAPITONAS                            NEXT     *   ;  O(") CHARACTER            
INTERONAS                            NEXT     *   ;  O(") CHARACTER            
CODPOSTAL                            NEXT     *   ;  O(") CHARACTER            
ZF1                                  NEXT     *   ;  O(") CHARACTER            
AR1                                  NEXT     *   ;  O(") CHARACTER            
AR2                                  NEXT     *   ;  O(") CHARACTER            

Enregistrement 1 : Rejeté - Erreur sur table ABONNEES_GR, colonne DIST.
ORA-12899: valeur trop grande pour la colonne DIST (réelle : 4, maximum : 2)

Le ou les index suivants, dans la table ABONNEES_GR, ont été traités :
index DISTRICT57.IDX_DIS_TOUR_ORDER_POLI_ABNGR chargé correctement avec 15634 clés
index DISTRICT57.IDX_MARQUE_COMPTEUR chargé correctement avec 15616 clés

Table ABONNEES_GR :
  15634 Lignes - Chargement terminé.
  1 Ligne chargement impossible dû à des erreurs de données.
  0 Lignes chargement impossible car échec de toutes les clauses WHEN.
  0 Lignes chargement impossible car tous les champs étaient non renseignés.

Taille du tableau de variables non utilisée dans le chemin direct.
Lignes de tableau de colonnes :    5000
Octets de tampon de flux de données :  256000
Octets de tampon de lecture : 1048576

Nombre total d'enregistrements logiques ignorés :          0
Nombre total d'enregistrements logiques lus :         15635
Nombre total d'enregistrements logiques rejetés :         1
Nombre total d'enregistrements logiques mis au rebut :        0
Nombre total de tampons de flux de données chargés par le thread principal de SQL*Loader :        4
Nombre total de tampons de flux de données chargés par le thread de chargement de SQL*Loader :       10

Le début de l'exécution a été effectué sur Ven. Févr. 16 13:08:02 2018
La fin de l'exécution a été effectuée sur Ven. Févr. 16 13:08:02 2018

Temps écoulé (ELAPSED) :     00:00:00.36
Temps processeur (CPU) :    00:00:00.11
